<?xml version="1.0" encoding="UTF-8" standalone="no"?>
<!DOCTYPE log SYSTEM "logger.dtd">
<log>
<record>
  <date>2022-05-05T14:57:04.220308100Z</date>
  <millis>1651762624220</millis>
  <nanos>308100</nanos>
  <sequence>0</sequence>
  <logger>BaseTest</logger>
  <level>INFO</level>
  <class>BaseTest</class>
  <method>preparations</method>
  <thread>1</thread>
  <message>now logs toC:\Users\noam\Desktop\javadev\BankingTests\reports and logs\logs.log</message>
</record>
<record>
  <date>2022-05-05T14:57:04.234308800Z</date>
  <millis>1651762624234</millis>
  <nanos>308800</nanos>
  <sequence>1</sequence>
  <logger>BaseTest</logger>
  <level>INFO</level>
  <class>BaseTest</class>
  <method>preparations</method>
  <thread>1</thread>
  <message>starting suite</message>
</record>
<record>
  <date>2022-05-05T14:57:04.236308600Z</date>
  <millis>1651762624236</millis>
  <nanos>308600</nanos>
  <sequence>2</sequence>
  <logger>BaseTest</logger>
  <level>INFO</level>
  <class>BaseTest</class>
  <method>preparations</method>
  <thread>1</thread>
  <message>config file loaded</message>
</record>
<record>
  <date>2022-05-05T14:57:10.758112600Z</date>
  <millis>1651762630758</millis>
  <nanos>112600</nanos>
  <sequence>5</sequence>
  <logger>BaseTest</logger>
  <level>INFO</level>
  <class>BaseTest</class>
  <method>preparations</method>
  <thread>1</thread>
  <message>chrome started</message>
</record>
<record>
  <date>2022-05-05T14:57:13.385729400Z</date>
  <millis>1651762633385</millis>
  <nanos>729400</nanos>
  <sequence>6</sequence>
  <logger>BaseTest</logger>
  <level>INFO</level>
  <class>BaseTest</class>
  <method>preparations</method>
  <thread>1</thread>
  <message>navigated to to : http://www.way2automation.com/angularjs-protractor/banking/#/login</message>
</record>
<record>
  <date>2022-05-05T14:57:13.801975400Z</date>
  <millis>1651762633801</millis>
  <nanos>975400</nanos>
  <sequence>7</sequence>
  <logger>BaseTest</logger>
  <level>INFO</level>
  <class>ExtendReportsClass</class>
  <method>report_settings</method>
  <thread>1</thread>
  <message>extent reporter set up done</message>
</record>
</log>
